[
    {
        "Id": "62339994afa0a8a2eb01e74a2c8deefd58609a1b0d6eab33288bfb1beef293db",
        "Created": "2018-12-06T12:05:33.940468491Z",
        "Path": "sh",
        "Args": [
            "-c",
            "python model_d/train.py ; python model_d/birads_prediction.py"
        ],
        "State": {
            "Status": "exited",
            "Running": false,
            "Paused": false,
            "Restarting": false,
            "OOMKilled": false,
            "Dead": false,
            "Pid": 0,
            "ExitCode": 0,
            "Error": "",
            "StartedAt": "2018-12-06T12:07:19.243600154Z",
            "FinishedAt": "2018-12-06T12:16:12.073352395Z"
        },
        "Image": "sha256:b8472d6234060586789079d1cb0c181a1a94c9a93805607844d1da14075d3a62",
        "ResolvConfPath": "/var/lib/docker/containers/62339994afa0a8a2eb01e74a2c8deefd58609a1b0d6eab33288bfb1beef293db/resolv.conf",
        "HostnamePath": "/var/lib/docker/containers/62339994afa0a8a2eb01e74a2c8deefd58609a1b0d6eab33288bfb1beef293db/hostname",
        "HostsPath": "/var/lib/docker/containers/62339994afa0a8a2eb01e74a2c8deefd58609a1b0d6eab33288bfb1beef293db/hosts",
        "LogPath": "/var/lib/docker/containers/62339994afa0a8a2eb01e74a2c8deefd58609a1b0d6eab33288bfb1beef293db/62339994afa0a8a2eb01e74a2c8deefd58609a1b0d6eab33288bfb1beef293db-json.log",
        "Name": "/ecs-tensorflow-ai-taskdefinition-368-mammocontainer-aab9ddd9abc38e873400",
        "RestartCount": 0,
        "Driver": "overlay2",
        "Platform": "linux",
        "MountLabel": "",
        "ProcessLabel": "",
        "AppArmorProfile": "",
        "ExecIDs": null,
        "HostConfig": {
            "Binds": [
                "/mammo_job:/mammo_job"
            ],
            "ContainerIDFile": "",
            "LogConfig": {
                "Type": "json-file",
                "Config": {}
            },
            "NetworkMode": "default",
            "PortBindings": {
                "80/tcp": [
                    {
                        "HostIp": "",
                        "HostPort": "80"
                    }
                ]
            },
            "RestartPolicy": {
                "Name": "",
                "MaximumRetryCount": 0
            },
            "AutoRemove": false,
            "VolumeDriver": "",
            "VolumesFrom": null,
            "CapAdd": null,
            "CapDrop": null,
            "Dns": null,
            "DnsOptions": null,
            "DnsSearch": null,
            "ExtraHosts": null,
            "GroupAdd": null,
            "IpcMode": "shareable",
            "Cgroup": "",
            "Links": null,
            "OomScoreAdj": 0,
            "PidMode": "",
            "Privileged": false,
            "PublishAllPorts": false,
            "ReadonlyRootfs": false,
            "SecurityOpt": null,
            "UTSMode": "",
            "UsernsMode": "",
            "ShmSize": 67108864,
            "Runtime": "nvidia",
            "ConsoleSize": [
                0,
                0
            ],
            "Isolation": "",
            "CpuShares": 2,
            "Memory": 0,
            "NanoCpus": 0,
            "CgroupParent": "/ecs/2d01c694-0db2-413d-a45e-a305eb2090d6",
            "BlkioWeight": 0,
            "BlkioWeightDevice": null,
            "BlkioDeviceReadBps": null,
            "BlkioDeviceWriteBps": null,
            "BlkioDeviceReadIOps": null,
            "BlkioDeviceWriteIOps": null,
            "CpuPeriod": 0,
            "CpuQuota": 0,
            "CpuRealtimePeriod": 0,
            "CpuRealtimeRuntime": 0,
            "CpusetCpus": "",
            "CpusetMems": "",
            "Devices": null,
            "DeviceCgroupRules": null,
            "DiskQuota": 0,
            "KernelMemory": 0,
            "MemoryReservation": 68719476736,
            "MemorySwap": 0,
            "MemorySwappiness": null,
            "OomKillDisable": false,
            "PidsLimit": 0,
            "Ulimits": [
                {
                    "Name": "nofile",
                    "Hard": 4096,
                    "Soft": 1024
                }
            ],
            "CpuCount": 0,
            "CpuPercent": 0,
            "IOMaximumIOps": 0,
            "IOMaximumBandwidth": 0,
            "MaskedPaths": [
                "/proc/acpi",
                "/proc/kcore",
                "/proc/keys",
                "/proc/latency_stats",
                "/proc/timer_list",
                "/proc/timer_stats",
                "/proc/sched_debug",
                "/proc/scsi",
                "/sys/firmware"
            ],
            "ReadonlyPaths": [
                "/proc/asound",
                "/proc/bus",
                "/proc/fs",
                "/proc/irq",
                "/proc/sys",
                "/proc/sysrq-trigger"
            ]
        },
        "GraphDriver": {
            "Data": {
                "LowerDir": "/var/lib/docker/overlay2/df626187fd6801172aa07405bd684f82ef31a79ea2685503e8ed448b56702dd1-init/diff:/var/lib/docker/overlay2/c97206b970794ff5d7ea868c521c84baae5cb1839fe93acb7c870a065160ecc5/diff:/var/lib/docker/overlay2/46e9265e00b431a6d6e72e02a156cccda24e00a038ce367ded8a855f7644e881/diff:/var/lib/docker/overlay2/de8a80c25f67b978648a98bd0abe8de810a85c663477901ab7608dd7fce3823d/diff:/var/lib/docker/overlay2/0094fc92f47c050f6a96831a582475ae4d314f5947c9b4f1d212730f90991a2c/diff:/var/lib/docker/overlay2/59e3a8aa7ffee119e513efcaa35c67c2f58f173fb75c8a68e1639e5b9b6e2751/diff:/var/lib/docker/overlay2/22fffeedf24bb719141783674922b8f0e4cf184d6d553ee834367b368316504c/diff:/var/lib/docker/overlay2/7e78e8d6224fc5ebeb8a916c46570b64a662a0d8826836667f4554b62b8192be/diff:/var/lib/docker/overlay2/9cb663af599780d4ddd605ff02018bd85d04d1b85047c13de1d61ec57b74254a/diff:/var/lib/docker/overlay2/cd883862b7cdeca72eb5d0c2a27ec5cba4f3e831b8e4cc08b3324de1bf9df163/diff:/var/lib/docker/overlay2/8b8d28811e8aa79b4a7b569c0f0157113bbe56f82867c95ac44e891af2ee85d6/diff:/var/lib/docker/overlay2/899515a6df4f098e63658c9dc102d6f4c1caf67fe26aba889b1461dcdd96719e/diff:/var/lib/docker/overlay2/89e6bb0b735abf9b00bd94754224bd5b833df6d5d67852c0657e7cf056c80ed7/diff:/var/lib/docker/overlay2/eee1f2271cc6ca2b7898d577b6f7f4ed9f7834db6a7da436d24fdefbaaba2779/diff:/var/lib/docker/overlay2/c3a94e890786bc7702ecec9669b2f3f1cf4073211413b7947a48e6e03f6d0262/diff:/var/lib/docker/overlay2/0b8164d73c1c0ebbc1732b99f208aa76cae832275799b0cdb29ab8f9200b2ba6/diff:/var/lib/docker/overlay2/1b2f242a2b50ca82f0578ca7ceb2ee9fb77a9e493448231865b07d63baf4dd08/diff:/var/lib/docker/overlay2/8564724e5f6f24526f02282fc33446cbf7febe62d69ccdd0446a5016269e3d64/diff:/var/lib/docker/overlay2/fbcf1097bc2d616e199141be6215a9ef5846456a4d72ae300e584cf9b7b7c335/diff:/var/lib/docker/overlay2/c01209fccc7d1e552f197620207a641f615a62df734d665744b9cd9f11c776b1/diff:/var/lib/docker/overlay2/d2f23ea93cdc99fd1d2febab86008f5fd6c354cc80cf4a553e5de42dd65cc162/diff:/var/lib/docker/overlay2/6a6b0a2edb7e5a66a1d4406ee6de7b3785ae57d4e226cf0c343e4dd9bfd14d37/diff:/var/lib/docker/overlay2/fb8e67e98cf4a1cb417d01dd5875ee7673150898a6504307a0827c6ff963b0d6/diff",
                "MergedDir": "/var/lib/docker/overlay2/df626187fd6801172aa07405bd684f82ef31a79ea2685503e8ed448b56702dd1/merged",
                "UpperDir": "/var/lib/docker/overlay2/df626187fd6801172aa07405bd684f82ef31a79ea2685503e8ed448b56702dd1/diff",
                "WorkDir": "/var/lib/docker/overlay2/df626187fd6801172aa07405bd684f82ef31a79ea2685503e8ed448b56702dd1/work"
            },
            "Name": "overlay2"
        },
        "Mounts": [
            {
                "Type": "bind",
                "Source": "/mammo_job",
                "Destination": "/mammo_job",
                "Mode": "",
                "RW": true,
                "Propagation": "rprivate"
            }
        ],
        "Config": {
            "Hostname": "62339994afa0",
            "Domainname": "",
            "User": "",
            "AttachStdin": false,
            "AttachStdout": false,
            "AttachStderr": false,
            "ExposedPorts": {
                "6006/tcp": {},
                "80/tcp": {},
                "8888/tcp": {}
            },
            "Tty": false,
            "OpenStdin": false,
            "StdinOnce": false,
            "Env": [
                "AWS_CONTAINER_CREDENTIALS_RELATIVE_URI=/v2/credentials/851d5371-2b6b-4325-9400-57c7694d45f5",
                "AWS_EXECUTION_ENV=AWS_ECS_EC2",
                "PATH=/usr/local/nvidia/bin:/usr/local/cuda/bin:/usr/local/sbin:/usr/local/bin:/usr/sbin:/usr/bin:/sbin:/bin",
                "CUDA_VERSION=9.0.176",
                "CUDA_PKG_VERSION=9-0=9.0.176-1",
                "LD_LIBRARY_PATH=/usr/local/cuda/extras/CUPTI/lib64:/usr/local/nvidia/lib:/usr/local/nvidia/lib64",
                "NVIDIA_VISIBLE_DEVICES=all",
                "NVIDIA_DRIVER_CAPABILITIES=compute,utility",
                "NVIDIA_REQUIRE_CUDA=cuda>=9.0"
            ],
            "Cmd": [
                "sh",
                "-c",
                "python model_d/train.py ; python model_d/birads_prediction.py"
            ],
            "Image": "470875175282.dkr.ecr.ap-northeast-1.amazonaws.com/mammo_container",
            "Volumes": null,
            "WorkingDir": "/mammo_job",
            "Entrypoint": null,
            "OnBuild": null,
            "Labels": {
                "com.amazonaws.ecs.cluster": "mammo_job_testuser2",
                "com.amazonaws.ecs.container-name": "mammo_container",
                "com.amazonaws.ecs.task-arn": "arn:aws:ecs:ap-northeast-1:470875175282:task/2d01c694-0db2-413d-a45e-a305eb2090d6",
                "com.amazonaws.ecs.task-definition-family": "tensorflow-ai-taskdefinition",
                "com.amazonaws.ecs.task-definition-version": "368",
                "com.nvidia.cuda.version": "9.0.176",
                "com.nvidia.volumes.needed": "nvidia_driver",
                "maintainer": "Craig Citro <craigcitro@google.com>"
            }
        },
        "NetworkSettings": {
            "Bridge": "",
            "SandboxID": "86325718ccca1e9f07d0665b5a14ed2220064827d1f0c0a64849a3a32ceed133",
            "HairpinMode": false,
            "LinkLocalIPv6Address": "",
            "LinkLocalIPv6PrefixLen": 0,
            "Ports": {},
            "SandboxKey": "/var/run/docker/netns/86325718ccca",
            "SecondaryIPAddresses": null,
            "SecondaryIPv6Addresses": null,
            "EndpointID": "",
            "Gateway": "",
            "GlobalIPv6Address": "",
            "GlobalIPv6PrefixLen": 0,
            "IPAddress": "",
            "IPPrefixLen": 0,
            "IPv6Gateway": "",
            "MacAddress": "",
            "Networks": {
                "bridge": {
                    "IPAMConfig": null,
                    "Links": null,
                    "Aliases": null,
                    "NetworkID": "26f61b9e81597baf8d9a49df6c8069f321dc12a301cfd623f9c630b269281c58",
                    "EndpointID": "",
                    "Gateway": "",
                    "IPAddress": "",
                    "IPPrefixLen": 0,
                    "IPv6Gateway": "",
                    "GlobalIPv6Address": "",
                    "GlobalIPv6PrefixLen": 0,
                    "MacAddress": "",
                    "DriverOpts": null
                }
            }
        }
    }
]
[
    {
        "Id": "d8d4547a0d49406bd711a2c49de3b9de91ac1d4cffeeb924e519c567e2d11655",
        "Created": "2018-12-10T06:53:55.002654114Z",
        "Path": "sh",
        "Args": [
            "-c",
            "python model_d_infer/birads_prediction.py"
        ],
        "State": {
            "Status": "exited",
            "Running": false,
            "Paused": false,
            "Restarting": false,
            "OOMKilled": false,
            "Dead": false,
            "Pid": 0,
            "ExitCode": 1,
            "Error": "",
            "StartedAt": "2018-12-10T06:55:09.708572432Z",
            "FinishedAt": "2018-12-10T06:55:11.957981577Z"
        },
        "Image": "sha256:b8472d6234060586789079d1cb0c181a1a94c9a93805607844d1da14075d3a62",
        "ResolvConfPath": "/var/lib/docker/containers/d8d4547a0d49406bd711a2c49de3b9de91ac1d4cffeeb924e519c567e2d11655/resolv.conf",
        "HostnamePath": "/var/lib/docker/containers/d8d4547a0d49406bd711a2c49de3b9de91ac1d4cffeeb924e519c567e2d11655/hostname",
        "HostsPath": "/var/lib/docker/containers/d8d4547a0d49406bd711a2c49de3b9de91ac1d4cffeeb924e519c567e2d11655/hosts",
        "LogPath": "/var/lib/docker/containers/d8d4547a0d49406bd711a2c49de3b9de91ac1d4cffeeb924e519c567e2d11655/d8d4547a0d49406bd711a2c49de3b9de91ac1d4cffeeb924e519c567e2d11655-json.log",
        "Name": "/ecs-tensorflow-ai-taskdefinition-369-mammocontainer-86d6cb9ad6bcaece4900",
        "RestartCount": 0,
        "Driver": "overlay2",
        "Platform": "linux",
        "MountLabel": "",
        "ProcessLabel": "",
        "AppArmorProfile": "",
        "ExecIDs": null,
        "HostConfig": {
            "Binds": [
                "/infer_job:/infer_job"
            ],
            "ContainerIDFile": "",
            "LogConfig": {
                "Type": "json-file",
                "Config": {}
            },
            "NetworkMode": "default",
            "PortBindings": {
                "80/tcp": [
                    {
                        "HostIp": "",
                        "HostPort": "80"
                    }
                ]
            },
            "RestartPolicy": {
                "Name": "",
                "MaximumRetryCount": 0
            },
            "AutoRemove": false,
            "VolumeDriver": "",
            "VolumesFrom": null,
            "CapAdd": null,
            "CapDrop": null,
            "Dns": null,
            "DnsOptions": null,
            "DnsSearch": null,
            "ExtraHosts": null,
            "GroupAdd": null,
            "IpcMode": "shareable",
            "Cgroup": "",
            "Links": null,
            "OomScoreAdj": 0,
            "PidMode": "",
            "Privileged": false,
            "PublishAllPorts": false,
            "ReadonlyRootfs": false,
            "SecurityOpt": null,
            "UTSMode": "",
            "UsernsMode": "",
            "ShmSize": 67108864,
            "Runtime": "nvidia",
            "ConsoleSize": [
                0,
                0
            ],
            "Isolation": "",
            "CpuShares": 2,
            "Memory": 0,
            "NanoCpus": 0,
            "CgroupParent": "/ecs/d5f43da3-38b2-48fb-bbb4-636c20667221",
            "BlkioWeight": 0,
            "BlkioWeightDevice": null,
            "BlkioDeviceReadBps": null,
            "BlkioDeviceWriteBps": null,
            "BlkioDeviceReadIOps": null,
            "BlkioDeviceWriteIOps": null,
            "CpuPeriod": 0,
            "CpuQuota": 0,
            "CpuRealtimePeriod": 0,
            "CpuRealtimeRuntime": 0,
            "CpusetCpus": "",
            "CpusetMems": "",
            "Devices": null,
            "DeviceCgroupRules": null,
            "DiskQuota": 0,
            "KernelMemory": 0,
            "MemoryReservation": 68719476736,
            "MemorySwap": 0,
            "MemorySwappiness": null,
            "OomKillDisable": false,
            "PidsLimit": 0,
            "Ulimits": [
                {
                    "Name": "nofile",
                    "Hard": 4096,
                    "Soft": 1024
                }
            ],
            "CpuCount": 0,
            "CpuPercent": 0,
            "IOMaximumIOps": 0,
            "IOMaximumBandwidth": 0,
            "MaskedPaths": [
                "/proc/acpi",
                "/proc/kcore",
                "/proc/keys",
                "/proc/latency_stats",
                "/proc/timer_list",
                "/proc/timer_stats",
                "/proc/sched_debug",
                "/proc/scsi",
                "/sys/firmware"
            ],
            "ReadonlyPaths": [
                "/proc/asound",
                "/proc/bus",
                "/proc/fs",
                "/proc/irq",
                "/proc/sys",
                "/proc/sysrq-trigger"
            ]
        },
        "GraphDriver": {
            "Data": {
                "LowerDir": "/var/lib/docker/overlay2/958fe1b0d04319677f70df1d67578c654c45f5ae756c71913ea967d61b64c6c4-init/diff:/var/lib/docker/overlay2/4b0c0c15a98d0bc8c6c0b5e0d176da6ba19c786baaba42aeec9c5cb5e1eb235a/diff:/var/lib/docker/overlay2/39956924ca2a75ad5065718774c64858afd442ff4a942c81f8bd614d5e7ee4ec/diff:/var/lib/docker/overlay2/c2422daca07dc1b71d9768e75ab102cd949d8c31a55d1e536a2e71a346f11d9c/diff:/var/lib/docker/overlay2/dae1b1590e4d6da22443af99ed0d1c70dc4e91b2647335de13b756a33151fcc6/diff:/var/lib/docker/overlay2/d46a791b25d7ff37f2b5b9bbcaef2c659f601006abf37ed8ed66c6b3e62cf0d9/diff:/var/lib/docker/overlay2/f22f9cd003a7c42bbfcd6fa0a230df98f62307ced0a077f52aec65a827b5bfb3/diff:/var/lib/docker/overlay2/6502bce9001c4c5474ec29e763ed4c23f0ee9f76fd8eb2e267ae1e79d2e5d72d/diff:/var/lib/docker/overlay2/0a81a1abbc9bc021d9e31c5a78c1ff9747fe3c1caa0bd68acbdb67d0dc76eaa2/diff:/var/lib/docker/overlay2/9bf455da3d828cb97863f4b4eda2ec3cafff0013c0a88a3d975603f0c6b53d23/diff:/var/lib/docker/overlay2/579909da83d794cdbf1e460103cbeb75941720434f8f5e6380b71274f37ef11d/diff:/var/lib/docker/overlay2/1c4a8a4e0ed89a3cd9e5d9ed33e99103fb8056abe536e331a75baedc80d66c33/diff:/var/lib/docker/overlay2/6c9f017f31f13292ae9be880770d07e770ff4b2dbba28403d590fc829cb24434/diff:/var/lib/docker/overlay2/0f11a9e232524a5a82bb3f2c63842389896d4fec80d30f0132ea7cefabb19847/diff:/var/lib/docker/overlay2/4cb3b062dd31b4ec1cac3dde5e3f2be4aa94d070fe266e56740df1010ed597fc/diff:/var/lib/docker/overlay2/18be329224866a4882f6e42f37be73cf814d1fc114f86031664850b0b8f56b2c/diff:/var/lib/docker/overlay2/5db859ddfe5192692308438c36bdcdbb22b68c2c24cdb50a3a150617a7d6c5b3/diff:/var/lib/docker/overlay2/9c5f0c950ebc06de59d734335ebbf921b110ffee7ee6162ffb565cc933bf1271/diff:/var/lib/docker/overlay2/65ea1a3524c9747863b839cec1fe57f81b31c266cd9c243ce144580f8b59ed4f/diff:/var/lib/docker/overlay2/dea58d4b6de92b5a2395ad802f9e1447cc0cf3261b9cac4cce7d7507451ea4f6/diff:/var/lib/docker/overlay2/ca8dfdf2a7b4ffca39f8190d8188e24029e50cfa224fda0b7d6a262036c82594/diff:/var/lib/docker/overlay2/ef0f9257f7202b161ab46ab2fdcaa60dfcc3500c047a04aff027c5543723996d/diff:/var/lib/docker/overlay2/98e015371f013278f72c55d343a0f2e0c1ef7fa93509fef0d452962c955b4a6c/diff",
                "MergedDir": "/var/lib/docker/overlay2/958fe1b0d04319677f70df1d67578c654c45f5ae756c71913ea967d61b64c6c4/merged",
                "UpperDir": "/var/lib/docker/overlay2/958fe1b0d04319677f70df1d67578c654c45f5ae756c71913ea967d61b64c6c4/diff",
                "WorkDir": "/var/lib/docker/overlay2/958fe1b0d04319677f70df1d67578c654c45f5ae756c71913ea967d61b64c6c4/work"
            },
            "Name": "overlay2"
        },
        "Mounts": [
            {
                "Type": "bind",
                "Source": "/infer_job",
                "Destination": "/infer_job",
                "Mode": "",
                "RW": true,
                "Propagation": "rprivate"
            }
        ],
        "Config": {
            "Hostname": "d8d4547a0d49",
            "Domainname": "",
            "User": "",
            "AttachStdin": false,
            "AttachStdout": false,
            "AttachStderr": false,
            "ExposedPorts": {
                "6006/tcp": {},
                "80/tcp": {},
                "8888/tcp": {}
            },
            "Tty": false,
            "OpenStdin": false,
            "StdinOnce": false,
            "Env": [
                "AWS_EXECUTION_ENV=AWS_ECS_EC2",
                "AWS_CONTAINER_CREDENTIALS_RELATIVE_URI=/v2/credentials/5c1533a5-22cd-4d71-96d5-f5f6b2bacf45",
                "PATH=/usr/local/nvidia/bin:/usr/local/cuda/bin:/usr/local/sbin:/usr/local/bin:/usr/sbin:/usr/bin:/sbin:/bin",
                "CUDA_VERSION=9.0.176",
                "CUDA_PKG_VERSION=9-0=9.0.176-1",
                "LD_LIBRARY_PATH=/usr/local/cuda/extras/CUPTI/lib64:/usr/local/nvidia/lib:/usr/local/nvidia/lib64",
                "NVIDIA_VISIBLE_DEVICES=all",
                "NVIDIA_DRIVER_CAPABILITIES=compute,utility",
                "NVIDIA_REQUIRE_CUDA=cuda>=9.0"
            ],
            "Cmd": [
                "sh",
                "-c",
                "python model_d_infer/birads_prediction.py"
            ],
            "Image": "470875175282.dkr.ecr.ap-northeast-1.amazonaws.com/mammo_container",
            "Volumes": null,
            "WorkingDir": "/infer_job",
            "Entrypoint": null,
            "OnBuild": null,
            "Labels": {
                "com.amazonaws.ecs.cluster": "infer_job_testuser2",
                "com.amazonaws.ecs.container-name": "mammo_container",
                "com.amazonaws.ecs.task-arn": "arn:aws:ecs:ap-northeast-1:470875175282:task/d5f43da3-38b2-48fb-bbb4-636c20667221",
                "com.amazonaws.ecs.task-definition-family": "tensorflow-ai-taskdefinition",
                "com.amazonaws.ecs.task-definition-version": "369",
                "com.nvidia.cuda.version": "9.0.176",
                "com.nvidia.volumes.needed": "nvidia_driver",
                "maintainer": "Craig Citro <craigcitro@google.com>"
            }
        },
        "NetworkSettings": {
            "Bridge": "",
            "SandboxID": "7e7604f24e287ad3f86c9df8f6bf03c9b3f96a93f78444e963b36a2176189093",
            "HairpinMode": false,
            "LinkLocalIPv6Address": "",
            "LinkLocalIPv6PrefixLen": 0,
            "Ports": {},
            "SandboxKey": "/var/run/docker/netns/7e7604f24e28",
            "SecondaryIPAddresses": null,
            "SecondaryIPv6Addresses": null,
            "EndpointID": "",
            "Gateway": "",
            "GlobalIPv6Address": "",
            "GlobalIPv6PrefixLen": 0,
            "IPAddress": "",
            "IPPrefixLen": 0,
            "IPv6Gateway": "",
            "MacAddress": "",
            "Networks": {
                "bridge": {
                    "IPAMConfig": null,
                    "Links": null,
                    "Aliases": null,
                    "NetworkID": "c8e48097856d97b45a4e1648cbeb8ed99c605931249e8dcc3ef240cb42dc606f",
                    "EndpointID": "",
                    "Gateway": "",
                    "IPAddress": "",
                    "IPPrefixLen": 0,
                    "IPv6Gateway": "",
                    "GlobalIPv6Address": "",
                    "GlobalIPv6PrefixLen": 0,
                    "MacAddress": "",
                    "DriverOpts": null
                }
            }
        }
    }
]
